<?xml version="1.0" encoding="UTF-8"?>
<!-- Generated by org.testng.reporters.JUnitReportReporter -->
<testsuite hostname="taruns-mbp" failures="1" tests="1" name="com.xyz.petstore.tests.JSONSchemaDemo" time="3.270" errors="0" timestamp="2024-02-27T16:32:53 IST" skipped="0">
  <testcase classname="com.xyz.petstore.tests.JSONSchemaDemo" name="verifyjsonSchema" time="3.270">
    <failure message="1 expectation failed.
Response body doesn&#039;t match expectation.
Expected: The content to match the given JSON schema.
error: object has missing required properties ([&quot;category&quot;,&quot;name&quot;])
    level: &quot;error&quot;
    schema: {&quot;loadingURI&quot;:&quot;file:/Users/tarungoswami/git/RestAssuredPractice/RestAssuredDemo/target/test-classes/schema/pet/find-by-status.json#&quot;,&quot;pointer&quot;:&quot;/items/3&quot;}
    instance: {&quot;pointer&quot;:&quot;/3&quot;}
    domain: &quot;validation&quot;
    keyword: &quot;required&quot;
    required: [&quot;category&quot;,&quot;id&quot;,&quot;name&quot;,&quot;photoUrls&quot;,&quot;status&quot;,&quot;tags&quot;]
    missing: [&quot;category&quot;,&quot;name&quot;]
error: object has missing required properties ([&quot;category&quot;,&quot;name&quot;])
    level: &quot;error&quot;
    schema: {&quot;loadingURI&quot;:&quot;file:/Users/tarungoswami/git/RestAssuredPractice/RestAssuredDemo/target/test-classes/schema/pet/find-by-status.json#&quot;,&quot;pointer&quot;:&quot;/items/4&quot;}
    instance: {&quot;pointer&quot;:&quot;/4&quot;}
    domain: &quot;validation&quot;
    keyword: &quot;required&quot;
    required: [&quot;category&quot;,&quot;id&quot;,&quot;name&quot;,&quot;photoUrls&quot;,&quot;status&quot;,&quot;tags&quot;]
    missing: [&quot;category&quot;,&quot;name&quot;]

  Actual: [{&quot;id&quot;:9223372036854760015,&quot;category&quot;:{&quot;id&quot;:-29225102,&quot;name&quot;:&quot;Excepteur fugiat ut in&quot;},&quot;name&quot;:&quot;doggie&quot;,&quot;photoUrls&quot;:[&quot;officia quis co&quot;,&quot;sit Lore&quot;],&quot;tags&quot;:[{&quot;id&quot;:-9027978,&quot;name&quot;:&quot;enim&quot;},{&quot;id&quot;:-12646892,&quot;name&quot;:&quot;dolor exercitation eu elit&quot;}],&quot;status&quot;:&quot;sold&quot;},{&quot;id&quot;:9223372036854760016,&quot;category&quot;:{&quot;id&quot;:-38125463,&quot;name&quot;:&quot;irure officia Excepteur a&quot;},&quot;name&quot;:&quot;doggie&quot;,&quot;photoUrls&quot;:[&quot;mollit sint anim Excepteur&quot;,&quot;fugiat non nostrud amet&quot;],&quot;tags&quot;:[{&quot;id&quot;:91190600,&quot;name&quot;:&quot;velit aute&quot;},{&quot;id&quot;:83461469,&quot;name&quot;:&quot;eiusmod sed deserunt proident&quot;}],&quot;status&quot;:&quot;sold&quot;},{&quot;id&quot;:113,&quot;category&quot;:{&quot;id&quot;:113,&quot;name&quot;:&quot;Gol&quot;},&quot;name&quot;:&quot;der&quot;,&quot;photoUrls&quot;:[&quot;string&quot;],&quot;tags&quot;:[{&quot;id&quot;:113,&quot;name&quot;:&quot;POl&quot;}],&quot;status&quot;:&quot;sold&quot;},{&quot;id&quot;:9223372036854760604,&quot;photoUrls&quot;:[],&quot;tags&quot;:[],&quot;status&quot;:&quot;sold&quot;},{&quot;id&quot;:9223372036854760606,&quot;photoUrls&quot;:[],&quot;tags&quot;:[],&quot;status&quot;:&quot;sold&quot;},{&quot;id&quot;:1234567890,&quot;category&quot;:{&quot;id&quot;:214,&quot;name&quot;:&quot;кот&quot;},&quot;name&quot;:&quot;котик&quot;,&quot;photoUrls&quot;:[&quot;_&quot;],&quot;tags&quot;:[{&quot;id&quot;:214,&quot;name&quot;:&quot;котиккот&quot;}],&quot;status&quot;:&quot;sold&quot;}]
" type="java.lang.AssertionError">
      <![CDATA[java.lang.AssertionError: 1 expectation failed.
Response body doesn't match expectation.
Expected: The content to match the given JSON schema.
error: object has missing required properties (["category","name"])
    level: "error"
    schema: {"loadingURI":"file:/Users/tarungoswami/git/RestAssuredPractice/RestAssuredDemo/target/test-classes/schema/pet/find-by-status.json#","pointer":"/items/3"}
    instance: {"pointer":"/3"}
    domain: "validation"
    keyword: "required"
    required: ["category","id","name","photoUrls","status","tags"]
    missing: ["category","name"]
error: object has missing required properties (["category","name"])
    level: "error"
    schema: {"loadingURI":"file:/Users/tarungoswami/git/RestAssuredPractice/RestAssuredDemo/target/test-classes/schema/pet/find-by-status.json#","pointer":"/items/4"}
    instance: {"pointer":"/4"}
    domain: "validation"
    keyword: "required"
    required: ["category","id","name","photoUrls","status","tags"]
    missing: ["category","name"]

  Actual: [{"id":9223372036854760015,"category":{"id":-29225102,"name":"Excepteur fugiat ut in"},"name":"doggie","photoUrls":["officia quis co","sit Lore"],"tags":[{"id":-9027978,"name":"enim"},{"id":-12646892,"name":"dolor exercitation eu elit"}],"status":"sold"},{"id":9223372036854760016,"category":{"id":-38125463,"name":"irure officia Excepteur a"},"name":"doggie","photoUrls":["mollit sint anim Excepteur","fugiat non nostrud amet"],"tags":[{"id":91190600,"name":"velit aute"},{"id":83461469,"name":"eiusmod sed deserunt proident"}],"status":"sold"},{"id":113,"category":{"id":113,"name":"Gol"},"name":"der","photoUrls":["string"],"tags":[{"id":113,"name":"POl"}],"status":"sold"},{"id":9223372036854760604,"photoUrls":[],"tags":[],"status":"sold"},{"id":9223372036854760606,"photoUrls":[],"tags":[],"status":"sold"},{"id":1234567890,"category":{"id":214,"name":"кот"},"name":"котик","photoUrls":["_"],"tags":[{"id":214,"name":"котиккот"}],"status":"sold"}]

at java.base/jdk.internal.reflect.DirectConstructorHandleAccessor.newInstance(DirectConstructorHandleAccessor.java:67)
at java.base/java.lang.reflect.Constructor.newInstanceWithCaller(Constructor.java:500)
at java.base/java.lang.reflect.Constructor.newInstance(Constructor.java:484)
at org.codehaus.groovy.reflection.CachedConstructor.invoke(CachedConstructor.java:73)
at org.codehaus.groovy.runtime.callsite.ConstructorSite$ConstructorSiteNoUnwrapNoCoerce.callConstructor(ConstructorSite.java:108)
at org.codehaus.groovy.runtime.callsite.CallSiteArray.defaultCallConstructor(CallSiteArray.java:57)
at org.codehaus.groovy.runtime.callsite.AbstractCallSite.callConstructor(AbstractCallSite.java:263)
at org.codehaus.groovy.runtime.callsite.AbstractCallSite.callConstructor(AbstractCallSite.java:277)
at io.restassured.internal.ResponseSpecificationImpl$HamcrestAssertionClosure.validate(ResponseSpecificationImpl.groovy:512)
at io.restassured.internal.ResponseSpecificationImpl$HamcrestAssertionClosure$validate$1.call(Unknown Source)
at org.codehaus.groovy.runtime.callsite.CallSiteArray.defaultCall(CallSiteArray.java:45)
at org.codehaus.groovy.runtime.callsite.AbstractCallSite.call(AbstractCallSite.java:125)
at org.codehaus.groovy.runtime.callsite.AbstractCallSite.call(AbstractCallSite.java:139)
at io.restassured.internal.ResponseSpecificationImpl.validateResponseIfRequired(ResponseSpecificationImpl.groovy:696)
at io.restassured.internal.ResponseSpecificationImpl.this$2$validateResponseIfRequired(ResponseSpecificationImpl.groovy)
at java.base/jdk.internal.reflect.DirectMethodHandleAccessor.invoke(DirectMethodHandleAccessor.java:104)
at java.base/java.lang.reflect.Method.invoke(Method.java:578)
at org.codehaus.groovy.runtime.callsite.PlainObjectMetaMethodSite.doInvoke(PlainObjectMetaMethodSite.java:43)
at org.codehaus.groovy.runtime.callsite.PogoMetaMethodSite$PogoCachedMethodSiteNoUnwrapNoCoerce.invoke(PogoMetaMethodSite.java:198)
at org.codehaus.groovy.runtime.callsite.PogoMetaMethodSite.callCurrent(PogoMetaMethodSite.java:62)
at org.codehaus.groovy.runtime.callsite.CallSiteArray.defaultCallCurrent(CallSiteArray.java:49)
at org.codehaus.groovy.runtime.callsite.AbstractCallSite.callCurrent(AbstractCallSite.java:171)
at org.codehaus.groovy.runtime.callsite.AbstractCallSite.callCurrent(AbstractCallSite.java:185)
at io.restassured.internal.ResponseSpecificationImpl.body(ResponseSpecificationImpl.groovy:107)
at io.restassured.internal.ValidatableResponseOptionsImpl.body(ValidatableResponseOptionsImpl.java:238)
at com.xyz.petstore.tests.JSONSchemaDemo.verifyjsonSchema(JSONSchemaDemo.java:21)
at java.base/jdk.internal.reflect.DirectMethodHandleAccessor.invoke(DirectMethodHandleAccessor.java:104)
at java.base/java.lang.reflect.Method.invoke(Method.java:578)
at org.testng.internal.invokers.MethodInvocationHelper.invokeMethod(MethodInvocationHelper.java:139)
at org.testng.internal.invokers.TestInvoker.invokeMethod(TestInvoker.java:677)
at org.testng.internal.invokers.TestInvoker.invokeTestMethod(TestInvoker.java:221)
at org.testng.internal.invokers.MethodRunner.runInSequence(MethodRunner.java:50)
at org.testng.internal.invokers.TestInvoker$MethodInvocationAgent.invoke(TestInvoker.java:969)
at org.testng.internal.invokers.TestInvoker.invokeTestMethods(TestInvoker.java:194)
at org.testng.internal.invokers.TestMethodWorker.invokeTestMethods(TestMethodWorker.java:148)
at org.testng.internal.invokers.TestMethodWorker.run(TestMethodWorker.java:128)
at java.base/java.util.ArrayList.forEach(ArrayList.java:1511)
at org.testng.TestRunner.privateRun(TestRunner.java:829)
at org.testng.TestRunner.run(TestRunner.java:602)
at org.testng.SuiteRunner.runTest(SuiteRunner.java:437)
at org.testng.SuiteRunner.runSequentially(SuiteRunner.java:431)
at org.testng.SuiteRunner.privateRun(SuiteRunner.java:391)
at org.testng.SuiteRunner.run(SuiteRunner.java:330)
at org.testng.SuiteRunnerWorker.runSuite(SuiteRunnerWorker.java:52)
at org.testng.SuiteRunnerWorker.run(SuiteRunnerWorker.java:95)
at org.testng.TestNG.runSuitesSequentially(TestNG.java:1256)
at org.testng.TestNG.runSuitesLocally(TestNG.java:1176)
at org.testng.TestNG.runSuites(TestNG.java:1099)
at org.testng.TestNG.run(TestNG.java:1067)
at org.testng.remote.AbstractRemoteTestNG.run(AbstractRemoteTestNG.java:115)
at org.testng.remote.RemoteTestNG.initAndRun(RemoteTestNG.java:251)
at org.testng.remote.RemoteTestNG.main(RemoteTestNG.java:77)
]]>
    </failure>
  </testcase> <!-- verifyjsonSchema -->
  <system-out/>
</testsuite> <!-- com.xyz.petstore.tests.JSONSchemaDemo -->
